<?xml version="1.0" encoding="UTF-8"?>
<!-- Generated by org.testng.reporters.JUnitXMLReporter -->
<testsuite ignored="0" hostname="LAPTOP-HQP80NQO" failures="0" tests="3" name="Default test" time="1.873" errors="0" timestamp="2024-11-17T13:57:22 IST">
  <testcase classname="REST.DynamicJson" name="addBook" time="1.591"/>
  <testcase classname="REST.DynamicJson" name="addBook" time="0.112"/>
  <testcase classname="REST.DynamicJson" name="addBook" time="0.112"/>
</testsuite> <!-- Default test -->
