<?xml version="1.0" encoding="UTF-8"?>
<testng-results ignored="0" total="1" passed="1" failed="0" skipped="0">
  <reporter-output>
  </reporter-output>
  <suite started-at="2024-11-21T23:17:12 IST" name="Default suite" finished-at="2024-11-21T23:17:16 IST" duration-ms="3956">
    <groups>
    </groups>
    <test started-at="2024-11-21T23:17:12 IST" name="Default test" finished-at="2024-11-21T23:17:16 IST" duration-ms="3956">
      <class name="REST.Serialization">
        <test-method signature="serializeTest()[pri:0, instance:REST.Serialization@21e360a]" started-at="2024-11-21T23:17:12 IST" name="serializeTest" finished-at="2024-11-21T23:17:16 IST" duration-ms="3886" status="PASS">
          <reporter-output>
          </reporter-output>
        </test-method> <!-- serializeTest -->
      </class> <!-- REST.Serialization -->
    </test> <!-- Default test -->
  </suite> <!-- Default suite -->
</testng-results>
