<?xml version="1.0" encoding="UTF-8"?>
<testng-results ignored="0" total="3" passed="3" failed="0" skipped="0">
  <reporter-output>
  </reporter-output>
  <suite started-at="2024-11-17T13:57:20 IST" name="Default suite" finished-at="2024-11-17T13:57:22 IST" duration-ms="1873">
    <groups>
    </groups>
    <test started-at="2024-11-17T13:57:20 IST" name="Default test" finished-at="2024-11-17T13:57:22 IST" duration-ms="1873">
      <class name="REST.DynamicJson">
        <test-method signature="addBook(java.lang.String,java.lang.String)[pri:0, instance:REST.DynamicJson@6302bbb1]" started-at="2024-11-17T13:57:20 IST" name="addBook" data-provider="BooksData" finished-at="2024-11-17T13:57:22 IST" duration-ms="1591" status="PASS">
          <params>
            <param index="0">
              <value>
                <![CDATA[Ssr]]>
              </value>
            </param>
            <param index="1">
              <value>
                <![CDATA[909jje]]>
              </value>
            </param>
          </params>
          <reporter-output>
          </reporter-output>
        </test-method> <!-- addBook -->
        <test-method signature="addBook(java.lang.String,java.lang.String)[pri:0, instance:REST.DynamicJson@6302bbb1]" started-at="2024-11-17T13:57:22 IST" name="addBook" data-provider="BooksData" finished-at="2024-11-17T13:57:22 IST" duration-ms="112" status="PASS">
          <params>
            <param index="0">
              <value>
                <![CDATA[Bnder]]>
              </value>
            </param>
            <param index="1">
              <value>
                <![CDATA[kj9898]]>
              </value>
            </param>
          </params>
          <reporter-output>
          </reporter-output>
        </test-method> <!-- addBook -->
        <test-method signature="addBook(java.lang.String,java.lang.String)[pri:0, instance:REST.DynamicJson@6302bbb1]" started-at="2024-11-17T13:57:22 IST" name="addBook" data-provider="BooksData" finished-at="2024-11-17T13:57:22 IST" duration-ms="112" status="PASS">
          <params>
            <param index="0">
              <value>
                <![CDATA[Nsdc]]>
              </value>
            </param>
            <param index="1">
              <value>
                <![CDATA[90032nn]]>
              </value>
            </param>
          </params>
          <reporter-output>
          </reporter-output>
        </test-method> <!-- addBook -->
      </class> <!-- REST.DynamicJson -->
    </test> <!-- Default test -->
  </suite> <!-- Default suite -->
</testng-results>
